2025-09-28T16:39:45.332+05:30  INFO 17380 --- [Spring-Boot-Week-4] [main] c.r.w.S.SpringBootWeek4ApplicationTests  : Starting SpringBootWeek4ApplicationTests using Java 23.0.1 with PID 17380 (started by rohit in C:\Users\rohit\Downloads\Spring-Boot-Week-4\Spring-Boot-Week-4)
2025-09-28T16:39:45.336+05:30  INFO 17380 --- [Spring-Boot-Week-4] [main] c.r.w.S.SpringBootWeek4ApplicationTests  : No active profile set, falling back to 1 default profile: "default"
2025-09-28T16:39:46.595+05:30  INFO 17380 --- [Spring-Boot-Week-4] [main] .s.d.r.c.RepositoryConfigurationDelegate : Bootstrapping Spring Data JPA repositories in DEFAULT mode.
2025-09-28T16:39:46.715+05:30  INFO 17380 --- [Spring-Boot-Week-4] [main] .s.d.r.c.RepositoryConfigurationDelegate : Finished Spring Data repository scanning in 99 ms. Found 1 JPA repository interface.
2025-09-28T16:39:47.735+05:30  INFO 17380 --- [Spring-Boot-Week-4] [main] o.hibernate.jpa.internal.util.LogHelper  : HHH000204: Processing PersistenceUnitInfo [name: default]
2025-09-28T16:39:47.837+05:30  INFO 17380 --- [Spring-Boot-Week-4] [main] org.hibernate.Version                    : HHH000412: Hibernate ORM core version 6.6.29.Final
2025-09-28T16:39:47.902+05:30  INFO 17380 --- [Spring-Boot-Week-4] [main] o.h.c.internal.RegionFactoryInitiator    : HHH000026: Second-level cache disabled
2025-09-28T16:39:48.089+05:30  INFO 17380 --- [Spring-Boot-Week-4] [main] o.h.e.boot.internal.EnversServiceImpl    : Envers integration enabled? : true
2025-09-28T16:39:48.501+05:30  INFO 17380 --- [Spring-Boot-Week-4] [main] o.s.o.j.p.SpringPersistenceUnitInfo      : No LoadTimeWeaver setup: ignoring JPA class transformer
2025-09-28T16:39:48.552+05:30  INFO 17380 --- [Spring-Boot-Week-4] [main] com.zaxxer.hikari.HikariDataSource       : HikariPool-1 - Starting...
2025-09-28T16:39:48.837+05:30  INFO 17380 --- [Spring-Boot-Week-4] [main] com.zaxxer.hikari.pool.HikariPool        : HikariPool-1 - Added connection com.mysql.cj.jdbc.ConnectionImpl@50785f86
2025-09-28T16:39:48.840+05:30  INFO 17380 --- [Spring-Boot-Week-4] [main] com.zaxxer.hikari.HikariDataSource       : HikariPool-1 - Start completed.
2025-09-28T16:39:48.950+05:30  INFO 17380 --- [Spring-Boot-Week-4] [main] org.hibernate.orm.connections.pooling    : HHH10001005: Database info:
	Database JDBC URL [Connecting through datasource 'HikariDataSource (HikariPool-1)']
	Database driver: undefined/unknown
	Database version: 8.0.42
	Autocommit mode: undefined/unknown
	Isolation level: undefined/unknown
	Minimum pool size: undefined/unknown
	Maximum pool size: undefined/unknown
2025-09-28T16:39:49.317+05:30  INFO 17380 --- [Spring-Boot-Week-4] [main] o.h.e.c.i.m.AuditMetadataGenerator       : Adding properties for entity: com.rohit.week4ProductionTutorials.Spring_Boot_Week_4.entities.PostEntity
2025-09-28T16:39:50.386+05:30  INFO 17380 --- [Spring-Boot-Week-4] [main] o.h.e.t.j.p.i.JtaPlatformInitiator       : HHH000489: No JTA platform available (set 'hibernate.transaction.jta.platform' to enable JTA platform integration)
2025-09-28T16:39:50.583+05:30  INFO 17380 --- [Spring-Boot-Week-4] [main] j.LocalContainerEntityManagerFactoryBean : Initialized JPA EntityManagerFactory for persistence unit 'default'
2025-09-28T16:39:51.462+05:30  WARN 17380 --- [Spring-Boot-Week-4] [main] JpaBaseConfiguration$JpaWebConfiguration : spring.jpa.open-in-view is enabled by default. Therefore, database queries may be performed during view rendering. Explicitly configure spring.jpa.open-in-view to disable this warning
2025-09-28T16:39:52.078+05:30  INFO 17380 --- [Spring-Boot-Week-4] [main] c.r.w.S.SpringBootWeek4ApplicationTests  : Started SpringBootWeek4ApplicationTests in 7.376 seconds (process running for 9.286)
2025-09-28T16:39:52.665+05:30 TRACE 17380 --- [Spring-Boot-Week-4] [main] c.r.w.S.c.i.EmployeeClientImplementation : Trying to create Employee with information : EmployeeDTO(id=null, name=rohit, email=rohit@gmail.com, age=2, role=USER, salary=50000.0, dateOfJoining=2025-09-23, isActive=true)
2025-09-28T16:39:52.857+05:30 DEBUG 17380 --- [Spring-Boot-Week-4] [main] c.r.w.S.c.i.EmployeeClientImplementation : 4xxclient error occurred during createNewEmployee
2025-09-28T16:39:52.860+05:30 ERROR 17380 --- [Spring-Boot-Week-4] [main] c.r.w.S.c.i.EmployeeClientImplementation : {"data":null,"error":{"status":"BAD_REQUEST","message":"Input validation failed","subErrors":["Age cannot be less than 18"]},"timeStamp":"2025-09-28T16:39:52.8335617"}
2025-09-28T16:39:52.861+05:30 ERROR 17380 --- [Spring-Boot-Week-4] [main] c.r.w.S.c.i.EmployeeClientImplementation : Exception occurred in createNewEmployee
2025-09-28T16:39:52.916+05:30  INFO 17380 --- [Spring-Boot-Week-4] [SpringApplicationShutdownHook] j.LocalContainerEntityManagerFactoryBean : Closing JPA EntityManagerFactory for persistence unit 'default'
2025-09-28T16:39:52.918+05:30  INFO 17380 --- [Spring-Boot-Week-4] [SpringApplicationShutdownHook] com.zaxxer.hikari.HikariDataSource       : HikariPool-1 - Shutdown initiated...
2025-09-28T16:39:52.930+05:30  INFO 17380 --- [Spring-Boot-Week-4] [SpringApplicationShutdownHook] com.zaxxer.hikari.HikariDataSource       : HikariPool-1 - Shutdown completed.
